[2019-11-28 16:58:40.815] [exthost] [info] extension host started
[2019-11-28 16:58:41.206] [exthost] [info] extension host started
[2019-11-28 16:58:41.236] [exthost] [info] ExtensionService#_doActivateExtension HookyQR.beautify {"startup":true,"activationEvent":"*"}
[2019-11-28 16:58:41.236] [exthost] [info] ExtensionService#loadCommonJSModule D:\util\eclipse\eclipse\plugins\pack.core.win_3.6.0.201910290238\HookyQR.beautify-1.4.11\extension
[2019-11-28 16:58:41.351] [exthost] [info] ExtensionService#_doActivateExtension christian-kohler.path-intellisense {"startup":true,"activationEvent":"*"}
[2019-11-28 16:58:41.351] [exthost] [info] ExtensionService#loadCommonJSModule C:\Users\Administrator\.codemix\extensions\christian-kohler.path-intellisense-1.4.2\out\src\extension
[2019-11-28 16:58:41.385] [exthost] [info] ExtensionService#_doActivateExtension dbaeumer.vscode-eslint {"startup":true,"activationEvent":"*"}
[2019-11-28 16:58:41.385] [exthost] [info] ExtensionService#loadCommonJSModule C:\Users\Administrator\.codemix\extensions\dbaeumer.vscode-eslint-1.8.2\client\out\extension
[2019-11-28 16:58:41.453] [exthost] [info] ExtensionService#_doActivateExtension vscode.debug-auto-launch {"startup":true,"activationEvent":"*"}
[2019-11-28 16:58:41.453] [exthost] [info] ExtensionService#loadCommonJSModule d:\util\eclipse\eclipse\plugins\com.genuitec.eclipse.code.engine.app.win32.x86_64_3.6.0.201910290238\engine\resources\app\extensions\debug-auto-launch\dist\extension
[2019-11-28 16:58:41.459] [exthost] [info] ExtensionService#_doActivateExtension vscode.emmet {"startup":true,"activationEvent":"*"}
[2019-11-28 16:58:41.459] [exthost] [info] ExtensionService#loadCommonJSModule d:\util\eclipse\eclipse\plugins\com.genuitec.eclipse.code.engine.app.win32.x86_64_3.6.0.201910290238\engine\resources\app\extensions\emmet\dist\extension
[2019-11-28 16:58:41.486] [exthost] [info] ExtensionService#_doActivateExtension formulahendry.auto-close-tag {"startup":true,"activationEvent":"*"}
[2019-11-28 16:58:41.486] [exthost] [info] ExtensionService#loadCommonJSModule C:\Users\Administrator\.codemix\extensions\formulahendry.auto-close-tag-0.5.6\out\src\extension
[2019-11-28 16:58:41.489] [exthost] [info] ExtensionService#_doActivateExtension formulahendry.auto-rename-tag {"startup":true,"activationEvent":"*"}
[2019-11-28 16:58:41.489] [exthost] [info] ExtensionService#loadCommonJSModule C:\Users\Administrator\.codemix\extensions\formulahendry.auto-rename-tag-0.0.15\out\src\extension
[2019-11-28 16:58:41.496] [exthost] [info] ExtensionService#_doActivateExtension vscode.grunt {"startup":false,"activationEvent":"onCommand:workbench.action.tasks.runTask"}
[2019-11-28 16:58:41.496] [exthost] [info] ExtensionService#loadCommonJSModule d:\util\eclipse\eclipse\plugins\com.genuitec.eclipse.code.engine.app.win32.x86_64_3.6.0.201910290238\engine\resources\app\extensions\grunt\dist\main
[2019-11-28 16:58:41.502] [exthost] [info] ExtensionService#_doActivateExtension vscode.gulp {"startup":false,"activationEvent":"onCommand:workbench.action.tasks.runTask"}
[2019-11-28 16:58:41.502] [exthost] [info] ExtensionService#loadCommonJSModule d:\util\eclipse\eclipse\plugins\com.genuitec.eclipse.code.engine.app.win32.x86_64_3.6.0.201910290238\engine\resources\app\extensions\gulp\dist\main
[2019-11-28 16:58:41.507] [exthost] [info] ExtensionService#_doActivateExtension vscode.jake {"startup":false,"activationEvent":"onCommand:workbench.action.tasks.runTask"}
[2019-11-28 16:58:41.508] [exthost] [info] ExtensionService#loadCommonJSModule d:\util\eclipse\eclipse\plugins\com.genuitec.eclipse.code.engine.app.win32.x86_64_3.6.0.201910290238\engine\resources\app\extensions\jake\dist\main
[2019-11-28 16:58:41.513] [exthost] [info] ExtensionService#_doActivateExtension vscode.npm {"startup":false,"activationEvent":"onCommand:workbench.action.tasks.runTask"}
[2019-11-28 16:58:41.513] [exthost] [info] ExtensionService#loadCommonJSModule d:\util\eclipse\eclipse\plugins\com.genuitec.eclipse.code.engine.app.win32.x86_64_3.6.0.201910290238\engine\resources\app\extensions\npm\dist\main
[2019-11-28 16:58:41.543] [exthost] [info] ExtensionService#_doActivateExtension vscode.typescript-language-features {"startup":false,"activationEvent":"onCommand:workbench.action.tasks.runTask"}
[2019-11-28 16:58:41.543] [exthost] [info] ExtensionService#loadCommonJSModule d:\util\eclipse\eclipse\plugins\com.genuitec.eclipse.code.engine.app.win32.x86_64_3.6.0.201910290238\engine\resources\app\extensions\typescript-language-features\dist\extension
[2019-11-28 16:58:41.645] [exthost] [info] eager extensions activated
